2025-02-28 23:18:12,597 - INFO - Train data shape: (51628, 44)
2025-02-28 23:18:12,597 - INFO - Test data shape: (99884, 44)
2025-02-28 23:18:13,367 - INFO - After SMOTE - Train data shape: (74000, 42)
2025-02-28 23:18:43,749 - INFO - Best parameters from GridSearchCV: {'learning_rate': 0.3, 'max_depth': 7, 'n_estimators': 100}
2025-02-28 23:18:44,998 - INFO - Precision: 0.9860, Recall: 0.9741, F1-score: 0.9800, ROC-AUC: 0.9983
2025-02-28 23:18:47,396 - INFO - ROC Curve đã được lưu vào roc_curve.png
2025-02-28 23:18:47,405 - INFO - Mô hình đã được lưu vào xgboost_apt_model.json
2025-02-28 23:18:47,408 - INFO - LabelEncoder và StandardScaler đã được lưu.
2025-02-28 23:20:17,138 - INFO - Train data shape: (51628, 44)
2025-02-28 23:20:17,140 - INFO - Test data shape: (99884, 44)
2025-02-28 23:20:18,432 - INFO - After SMOTE - Train data shape: (74000, 42)
2025-02-28 23:20:50,229 - INFO - Best parameters from GridSearchCV: {'learning_rate': 0.3, 'max_depth': 7, 'n_estimators': 100}
2025-02-28 23:20:51,417 - INFO - Precision: 0.9860, Recall: 0.9741, F1-score: 0.9800, ROC-AUC: 0.9983
2025-02-28 23:20:51,690 - INFO - ROC Curve đã được lưu vào roc_curve.png
2025-02-28 23:20:51,700 - INFO - Mô hình đã được lưu vào xgboost_apt_model.json
2025-02-28 23:20:51,702 - INFO - LabelEncoder và StandardScaler đã được lưu.
2025-02-28 23:25:33,778 - INFO - Train data shape: (51628, 44)
2025-02-28 23:25:33,779 - INFO - Test data shape: (99884, 44)
2025-02-28 23:25:35,293 - INFO - After SMOTE - Train data shape: (74000, 42)
2025-02-28 23:26:08,247 - INFO - Best parameters from GridSearchCV: {'learning_rate': 0.3, 'max_depth': 7, 'n_estimators': 100}
2025-02-28 23:26:09,728 - INFO - Precision: 0.9860, Recall: 0.9741, F1-score: 0.9800, ROC-AUC: 0.9983
2025-02-28 23:26:10,005 - INFO - ROC Curve đã được lưu vào roc_curve.png
2025-02-28 23:26:10,015 - INFO - Mô hình đã được lưu vào xgboost_apt_model.json
2025-02-28 23:26:10,018 - INFO - LabelEncoder và StandardScaler đã được lưu.
